Sep 16, 2024 10:20:40 PM gui.CustomerManagement setLogger
INFO: CM Logger initialized
Sep 16, 2024 10:22:40 PM gui.CustomerManagement setLogger
INFO: CM Logger initialized
Sep 17, 2024 12:32:10 AM gui.CustomerManagement setLogger
INFO: CM Logger initialized
Sep 17, 2024 12:32:43 AM gui.CustomerManagement setLogger
INFO: CM Logger initialized
Sep 17, 2024 12:32:55 AM gui.CustomerManagement setLogger
INFO: CM Logger initialized
Sep 17, 2024 12:33:08 AM gui.CustomerManagement setLogger
INFO: CM Logger initialized
Sep 17, 2024 12:33:14 AM gui.CustomerManagement setLogger
INFO: CM Logger initialized
Sep 17, 2024 12:39:34 AM gui.CustomerManagement setLogger
INFO: CM Logger initialized
Sep 17, 2024 12:39:37 AM gui.CustomerManagement setLogger
INFO: CM Logger initialized
Sep 17, 2024 12:41:58 AM gui.CustomerManagement setLogger
INFO: CM Logger initialized
Sep 17, 2024 12:47:55 AM gui.CustomerManagement setLogger
INFO: CM Logger initialized
Sep 17, 2024 3:01:59 PM gui.CustomerManagement setLogger
INFO: CM Logger initialized
Sep 17, 2024 4:03:29 PM gui.CustomerManagement setLogger
INFO: CM Logger initialized
Sep 17, 2024 4:10:50 PM gui.CustomerManagement setLogger
INFO: CM Logger initialized
Sep 17, 2024 4:13:02 PM gui.CustomerManagement setLogger
INFO: CM Logger initialized
Sep 17, 2024 4:16:28 PM gui.CustomerManagement setLogger
INFO: CM Logger initialized
Sep 17, 2024 4:17:44 PM gui.CustomerManagement setLogger
INFO: CM Logger initialized
Sep 17, 2024 4:24:52 PM gui.CustomerManagement setLogger
INFO: CM Logger initialized
Sep 17, 2024 4:26:15 PM gui.CustomerManagement setLogger
INFO: CM Logger initialized
Sep 17, 2024 4:26:25 PM gui.CustomerManagement jButton1ActionPerformed
INFO: A customer registered
Sep 17, 2024 4:27:21 PM gui.CustomerManagement setLogger
INFO: CM Logger initialized
Sep 17, 2024 4:27:41 PM gui.CustomerManagement setLogger
INFO: CM Logger initialized
Sep 17, 2024 4:28:19 PM gui.CustomerManagement setLogger
INFO: CM Logger initialized
Sep 17, 2024 4:30:12 PM gui.CustomerManagement setLogger
INFO: CM Logger initialized
Sep 17, 2024 7:52:23 PM gui.CustomerManagement setLogger
INFO: CM Logger initialized
Sep 17, 2024 7:52:29 PM gui.CustomerManagement jTable1MouseClicked
INFO: Details of the customer 21r12 changed
Sep 17, 2024 7:52:33 PM gui.InventoryManagement setLogger
INFO: IM Logger initialized
Sep 17, 2024 7:59:16 PM gui.CustomerManagement setLogger
INFO: CM Logger initialized
Sep 17, 2024 7:59:19 PM gui.CustomerManagement jTable1MouseClicked
INFO: Details of the customer d21d21 changed
Sep 17, 2024 7:59:27 PM gui.CustomerManagement jTable1MouseClicked
INFO: Details of the customer asjras changed
Sep 17, 2024 8:25:39 PM gui.CustomerManagement setLogger
INFO: CM Logger initialized
Sep 17, 2024 8:25:52 PM gui.CustomerManagement jButton1ActionPerformed
INFO: A customer registered
Sep 17, 2024 8:26:01 PM gui.CustomerManagement jButton2ActionPerformed
INFO: Details of the customer amiggg changed
Sep 17, 2024 8:26:29 PM gui.InventoryManagement setLogger
INFO: IM Logger initialized
Sep 17, 2024 8:26:42 PM gui.InventoryManagement jButton1ActionPerformed
INFO: A menu item registered
Sep 17, 2024 8:26:57 PM gui.InventoryManagement jButton2ActionPerformed
INFO: Details of the item kiubl banis changed
Sep 17, 2024 8:27:19 PM gui.EmployeeManagement setLogger
INFO: EM Logger initialized
Sep 17, 2024 8:27:43 PM gui.EmployeeManagement jButton1ActionPerformed
INFO: An employee registered
Sep 17, 2024 8:27:59 PM gui.EmployeeManagement jButton2ActionPerformed
INFO: Details of the employee danusi changed
Sep 17, 2024 8:28:08 PM gui.MainFrame setLogger
INFO: EM Logger initialized
Sep 17, 2024 8:28:15 PM gui.InventoryManagement setLogger
INFO: IM Logger initialized
Sep 17, 2024 8:28:18 PM gui.InventoryManagement setLogger
INFO: IM Logger initialized
Sep 17, 2024 8:28:28 PM gui.CustomerManagement setLogger
INFO: CM Logger initialized
Sep 17, 2024 8:28:38 PM gui.InventoryManagement setLogger
INFO: IM Logger initialized
Sep 17, 2024 8:28:47 PM gui.CustomerManagement setLogger
INFO: CM Logger initialized
Sep 17, 2024 8:52:56 PM gui.CustomerManagement setLogger
INFO: CM Logger initialized
Sep 18, 2024 1:34:48 AM gui.CustomerManagement setLogger
INFO: CM Logger initialized
Sep 18, 2024 1:34:52 AM gui.MainFrame jButton8ActionPerformed
INFO: Invoice Printed
Sep 18, 2024 1:34:57 AM gui.MainFrame jButton8ActionPerformed
INFO: Invoice Printed
Sep 18, 2024 7:59:24 PM gui.CustomerManagement setLogger
INFO: CM Logger initialized
Sep 18, 2024 7:59:30 PM gui.MainFrame setLogger
INFO: EM Logger initialized
Sep 18, 2024 7:59:35 PM gui.InventoryManagement setLogger
INFO: IM Logger initialized
Sep 18, 2024 7:59:47 PM gui.InventoryManagement setLogger
INFO: IM Logger initialized
Sep 18, 2024 8:00:09 PM gui.InventoryManagement setLogger
INFO: IM Logger initialized
Sep 18, 2024 8:00:40 PM gui.MainFrame jButton8ActionPerformed
INFO: Invoice Printed
Sep 18, 2024 8:04:01 PM gui.UserLogin loginButtonActionPerformed
INFO: A user logged in ami 
Sep 18, 2024 8:04:05 PM gui.UserLogin loginButtonActionPerformed
INFO: A user logged in Amantha 
Sep 18, 2024 8:04:07 PM gui.EmployeeManagement setLogger
INFO: EM Logger initialized
