Sep 16, 2024 10:19:31 PM gui.MainDashboard setLogger
INFO: DB Logger initialized
Sep 16, 2024 10:19:45 PM gui.UserLogin loginButtonActionPerformed
INFO: A user logged in ami 
Sep 16, 2024 10:20:14 PM gui.MainDashboard setLogger
INFO: DB Logger initialized
Sep 16, 2024 10:20:20 PM gui.UserLogin loginButtonActionPerformed
INFO: A user logged in Amantha 
Sep 16, 2024 10:20:31 PM gui.EmployeeManagement setLogger
INFO: EM Logger initialized
Sep 16, 2024 10:20:36 PM gui.InventoryManagement setLogger
INFO: IM Logger initialized
Sep 16, 2024 10:20:40 PM gui.CustomerManagement setLogger
INFO: CM Logger initialized
Sep 16, 2024 10:21:18 PM gui.MainDashboard setLogger
INFO: DB Logger initialized
Sep 16, 2024 10:21:34 PM gui.MainDashboard setLogger
INFO: DB Logger initialized
Sep 16, 2024 10:23:20 PM gui.MainDashboard setLogger
INFO: DB Logger initialized
Sep 16, 2024 10:27:13 PM gui.MainDashboard setLogger
INFO: DB Logger initialized
Sep 16, 2024 10:27:17 PM gui.UserLogin loginButtonActionPerformed
INFO: A user logged in Amantha 
Sep 16, 2024 10:27:18 PM gui.MainFrame setLogger
INFO: EM Logger initialized
Sep 17, 2024 12:00:56 AM gui.MainDashboard setLogger
INFO: DB Logger initialized
Sep 17, 2024 12:01:01 AM gui.UserLogin loginButtonActionPerformed
INFO: A user logged in ami 
Sep 17, 2024 12:01:02 AM gui.MainFrame setLogger
INFO: EM Logger initialized
Sep 17, 2024 12:03:34 AM gui.InventoryManagement setLogger
INFO: IM Logger initialized
Sep 17, 2024 12:03:40 AM gui.InventoryManagement setLogger
INFO: IM Logger initialized
