Sep 16, 2024 10:20:31 PM gui.EmployeeManagement setLogger
INFO: EM Logger initialized
Sep 16, 2024 10:20:36 PM gui.InventoryManagement setLogger
INFO: IM Logger initialized
Sep 16, 2024 10:20:40 PM gui.CustomerManagement setLogger
INFO: CM Logger initialized
Sep 16, 2024 10:22:24 PM gui.EmployeeManagement setLogger
INFO: EM Logger initialized
Sep 17, 2024 5:26:20 PM gui.EmployeeManagement setLogger
INFO: EM Logger initialized
Sep 17, 2024 5:28:19 PM gui.EmployeeManagement setLogger
INFO: EM Logger initialized
Sep 17, 2024 5:29:04 PM gui.EmployeeManagement setLogger
INFO: EM Logger initialized
Sep 17, 2024 5:37:37 PM gui.EmployeeManagement setLogger
INFO: EM Logger initialized
Sep 17, 2024 7:57:40 PM gui.EmployeeManagement setLogger
INFO: EM Logger initialized
Sep 17, 2024 8:16:52 PM gui.EmployeeManagement setLogger
INFO: EM Logger initialized
Sep 17, 2024 8:18:45 PM gui.EmployeeManagement setLogger
INFO: EM Logger initialized
Sep 17, 2024 8:19:15 PM gui.EmployeeManagement setLogger
INFO: EM Logger initialized
Sep 17, 2024 8:20:45 PM gui.EmployeeManagement setLogger
INFO: EM Logger initialized
Sep 17, 2024 8:22:31 PM gui.EmployeeManagement setLogger
INFO: EM Logger initialized
Sep 17, 2024 8:27:19 PM gui.EmployeeManagement setLogger
INFO: EM Logger initialized
Sep 17, 2024 8:27:43 PM gui.EmployeeManagement jButton1ActionPerformed
INFO: An employee registered
Sep 17, 2024 8:27:59 PM gui.EmployeeManagement jButton2ActionPerformed
INFO: Details of the employee danusi changed
Sep 17, 2024 8:28:08 PM gui.MainFrame setLogger
INFO: EM Logger initialized
Sep 17, 2024 8:28:15 PM gui.InventoryManagement setLogger
INFO: IM Logger initialized
Sep 17, 2024 8:28:18 PM gui.InventoryManagement setLogger
INFO: IM Logger initialized
Sep 17, 2024 8:28:28 PM gui.CustomerManagement setLogger
INFO: CM Logger initialized
Sep 17, 2024 8:28:38 PM gui.InventoryManagement setLogger
INFO: IM Logger initialized
Sep 17, 2024 8:28:47 PM gui.CustomerManagement setLogger
INFO: CM Logger initialized
Sep 17, 2024 8:35:20 PM gui.EmployeeManagement setLogger
INFO: EM Logger initialized
Sep 17, 2024 8:35:54 PM gui.EmployeeManagement setLogger
INFO: EM Logger initialized
Sep 17, 2024 8:37:25 PM gui.EmployeeManagement setLogger
INFO: EM Logger initialized
Sep 17, 2024 8:38:57 PM gui.EmployeeManagement setLogger
INFO: EM Logger initialized
Sep 17, 2024 8:41:10 PM gui.EmployeeManagement setLogger
INFO: EM Logger initialized
Sep 17, 2024 8:41:15 PM gui.EmployeeManagement loadTable
WARNING: Table load error
Sep 17, 2024 8:41:16 PM gui.EmployeeManagement loadTable
WARNING: Table load error
Sep 17, 2024 8:41:16 PM gui.EmployeeManagement loadTable
WARNING: Table load error
Sep 17, 2024 8:42:22 PM gui.EmployeeManagement setLogger
INFO: EM Logger initialized
Sep 17, 2024 8:42:26 PM gui.EmployeeManagement loadTable
WARNING: Table load error
Sep 17, 2024 8:42:54 PM gui.EmployeeManagement setLogger
INFO: EM Logger initialized
Sep 17, 2024 8:43:00 PM gui.EmployeeManagement loadTable
WARNING: Table load error
Sep 17, 2024 8:43:01 PM gui.EmployeeManagement loadTable
WARNING: Table load error
Sep 17, 2024 8:43:41 PM gui.EmployeeManagement setLogger
INFO: EM Logger initialized
Sep 17, 2024 8:43:50 PM gui.EmployeeManagement loadTable
WARNING: Table load error
Sep 17, 2024 8:44:51 PM gui.EmployeeManagement setLogger
INFO: EM Logger initialized
Sep 17, 2024 8:50:47 PM gui.EmployeeManagement setLogger
INFO: EM Logger initialized
