Sep 16, 2024 10:19:59 PM gui.InventoryManagement setLogger
INFO: IM Logger initialized
Sep 16, 2024 10:20:36 PM gui.InventoryManagement setLogger
INFO: IM Logger initialized
Sep 16, 2024 10:20:40 PM gui.CustomerManagement setLogger
INFO: CM Logger initialized
Sep 16, 2024 10:30:42 PM gui.InventoryManagement setLogger
INFO: IM Logger initialized
Sep 16, 2024 10:34:51 PM gui.InventoryManagement setLogger
INFO: IM Logger initialized
Sep 16, 2024 10:37:17 PM gui.InventoryManagement setLogger
INFO: IM Logger initialized
Sep 16, 2024 10:39:05 PM gui.InventoryManagement setLogger
INFO: IM Logger initialized
Sep 16, 2024 10:52:16 PM gui.InventoryManagement setLogger
INFO: IM Logger initialized
Sep 16, 2024 10:56:12 PM gui.InventoryManagement setLogger
INFO: IM Logger initialized
Sep 16, 2024 10:56:33 PM gui.InventoryManagement setLogger
INFO: IM Logger initialized
Sep 16, 2024 10:56:57 PM gui.InventoryManagement setLogger
INFO: IM Logger initialized
Sep 16, 2024 10:57:00 PM gui.InventoryManagement setLogger
INFO: IM Logger initialized
Sep 16, 2024 10:57:21 PM gui.InventoryManagement setLogger
INFO: IM Logger initialized
Sep 16, 2024 10:57:26 PM gui.InventoryManagement setLogger
INFO: IM Logger initialized
Sep 16, 2024 10:59:37 PM gui.InventoryManagement setLogger
INFO: IM Logger initialized
Sep 16, 2024 10:59:51 PM gui.InventoryManagement setLogger
INFO: IM Logger initialized
Sep 16, 2024 10:59:57 PM gui.InventoryManagement setLogger
INFO: IM Logger initialized
Sep 16, 2024 11:07:53 PM gui.InventoryManagement setLogger
INFO: IM Logger initialized
Sep 16, 2024 11:09:52 PM gui.InventoryManagement setLogger
INFO: IM Logger initialized
Sep 16, 2024 11:10:42 PM gui.InventoryManagement setLogger
INFO: IM Logger initialized
Sep 16, 2024 11:11:52 PM gui.InventoryManagement setLogger
INFO: IM Logger initialized
Sep 17, 2024 12:03:34 AM gui.InventoryManagement setLogger
INFO: IM Logger initialized
Sep 17, 2024 12:03:40 AM gui.InventoryManagement setLogger
INFO: IM Logger initialized
Sep 17, 2024 12:22:57 AM gui.InventoryManagement setLogger
INFO: IM Logger initialized
Sep 17, 2024 12:23:10 AM gui.InventoryManagement setLogger
INFO: IM Logger initialized
Sep 17, 2024 3:01:33 PM gui.InventoryManagement setLogger
INFO: IM Logger initialized
Sep 17, 2024 3:01:59 PM gui.CustomerManagement setLogger
INFO: CM Logger initialized
Sep 17, 2024 3:44:30 PM gui.InventoryManagement setLogger
INFO: IM Logger initialized
Sep 17, 2024 3:44:56 PM gui.InventoryManagement setLogger
INFO: IM Logger initialized
Sep 17, 2024 3:48:49 PM gui.InventoryManagement setLogger
INFO: IM Logger initialized
Sep 17, 2024 3:54:18 PM gui.InventoryManagement setLogger
INFO: IM Logger initialized
Sep 17, 2024 3:54:33 PM gui.InventoryManagement setLogger
INFO: IM Logger initialized
Sep 17, 2024 3:55:07 PM gui.InventoryManagement setLogger
INFO: IM Logger initialized
Sep 17, 2024 3:56:12 PM gui.InventoryManagement setLogger
INFO: IM Logger initialized
Sep 17, 2024 3:56:42 PM gui.InventoryManagement setLogger
INFO: IM Logger initialized
Sep 17, 2024 3:56:46 PM gui.InventoryManagement setLogger
INFO: IM Logger initialized
Sep 17, 2024 4:03:18 PM gui.InventoryManagement setLogger
INFO: IM Logger initialized
Sep 17, 2024 4:03:29 PM gui.CustomerManagement setLogger
INFO: CM Logger initialized
Sep 17, 2024 6:04:33 PM gui.InventoryManagement setLogger
INFO: IM Logger initialized
Sep 17, 2024 6:07:12 PM gui.InventoryManagement setLogger
INFO: IM Logger initialized
Sep 17, 2024 6:07:15 PM gui.InventoryManagement setLogger
INFO: IM Logger initialized
Sep 17, 2024 6:08:30 PM gui.InventoryManagement setLogger
INFO: IM Logger initialized
Sep 17, 2024 6:10:29 PM gui.InventoryManagement setLogger
INFO: IM Logger initialized
Sep 17, 2024 6:11:16 PM gui.InventoryManagement setLogger
INFO: IM Logger initialized
Sep 17, 2024 6:13:07 PM gui.InventoryManagement setLogger
INFO: IM Logger initialized
Sep 17, 2024 6:17:57 PM gui.InventoryManagement setLogger
INFO: IM Logger initialized
Sep 17, 2024 6:18:56 PM gui.InventoryManagement setLogger
INFO: IM Logger initialized
Sep 17, 2024 6:19:28 PM gui.InventoryManagement setLogger
INFO: IM Logger initialized
Sep 17, 2024 6:25:19 PM gui.InventoryManagement setLogger
INFO: IM Logger initialized
Sep 17, 2024 6:25:26 PM gui.InventoryManagement setLogger
INFO: IM Logger initialized
Sep 17, 2024 6:31:33 PM gui.InventoryManagement setLogger
INFO: IM Logger initialized
Sep 17, 2024 6:31:33 PM gui.InventoryManagement setLogger
INFO: IM Logger initialized
Sep 17, 2024 7:19:13 PM gui.InventoryManagement setLogger
INFO: IM Logger initialized
Sep 17, 2024 7:20:04 PM gui.InventoryManagement setLogger
INFO: IM Logger initialized
Sep 17, 2024 7:21:18 PM gui.InventoryManagement setLogger
INFO: IM Logger initialized
Sep 17, 2024 7:22:53 PM gui.InventoryManagement setLogger
INFO: IM Logger initialized
Sep 17, 2024 7:24:10 PM gui.InventoryManagement setLogger
INFO: IM Logger initialized
Sep 17, 2024 7:25:06 PM gui.InventoryManagement setLogger
INFO: IM Logger initialized
Sep 17, 2024 7:26:20 PM gui.InventoryManagement setLogger
INFO: IM Logger initialized
Sep 17, 2024 7:26:25 PM gui.InventoryManagement setLogger
INFO: IM Logger initialized
Sep 17, 2024 7:27:43 PM gui.InventoryManagement setLogger
INFO: IM Logger initialized
Sep 17, 2024 7:30:38 PM gui.InventoryManagement setLogger
INFO: IM Logger initialized
Sep 17, 2024 7:31:12 PM gui.InventoryManagement setLogger
INFO: IM Logger initialized
Sep 17, 2024 7:31:40 PM gui.InventoryManagement setLogger
INFO: IM Logger initialized
Sep 17, 2024 7:34:29 PM gui.InventoryManagement setLogger
INFO: IM Logger initialized
Sep 17, 2024 7:34:37 PM gui.InventoryManagement setLogger
INFO: IM Logger initialized
Sep 17, 2024 7:34:40 PM gui.InventoryManagement setLogger
INFO: IM Logger initialized
Sep 17, 2024 7:34:49 PM gui.InventoryManagement setLogger
INFO: IM Logger initialized
Sep 17, 2024 7:35:01 PM gui.InventoryManagement setLogger
INFO: IM Logger initialized
Sep 17, 2024 7:35:04 PM gui.InventoryManagement setLogger
INFO: IM Logger initialized
Sep 17, 2024 7:36:57 PM gui.InventoryManagement setLogger
INFO: IM Logger initialized
Sep 17, 2024 7:37:02 PM gui.InventoryManagement setLogger
INFO: IM Logger initialized
Sep 17, 2024 7:37:11 PM gui.InventoryManagement setLogger
INFO: IM Logger initialized
Sep 17, 2024 7:39:13 PM gui.InventoryManagement setLogger
INFO: IM Logger initialized
Sep 17, 2024 7:39:30 PM gui.InventoryManagement setLogger
INFO: IM Logger initialized
Sep 17, 2024 7:39:34 PM gui.InventoryManagement setLogger
INFO: IM Logger initialized
Sep 17, 2024 7:40:56 PM gui.InventoryManagement setLogger
INFO: IM Logger initialized
Sep 17, 2024 7:40:58 PM gui.InventoryManagement setLogger
INFO: IM Logger initialized
Sep 17, 2024 7:41:01 PM gui.InventoryManagement setLogger
INFO: IM Logger initialized
Sep 17, 2024 7:41:08 PM gui.InventoryManagement setLogger
INFO: IM Logger initialized
Sep 17, 2024 7:41:14 PM gui.InventoryManagement setLogger
INFO: IM Logger initialized
Sep 17, 2024 7:41:23 PM gui.InventoryManagement setLogger
INFO: IM Logger initialized
Sep 17, 2024 7:52:33 PM gui.InventoryManagement setLogger
INFO: IM Logger initialized
Sep 17, 2024 8:02:57 PM gui.InventoryManagement setLogger
INFO: IM Logger initialized
Sep 17, 2024 8:03:36 PM gui.InventoryManagement setLogger
INFO: IM Logger initialized
Sep 17, 2024 8:26:29 PM gui.InventoryManagement setLogger
INFO: IM Logger initialized
Sep 17, 2024 8:26:42 PM gui.InventoryManagement jButton1ActionPerformed
INFO: A menu item registered
Sep 17, 2024 8:26:57 PM gui.InventoryManagement jButton2ActionPerformed
INFO: Details of the item kiubl banis changed
Sep 17, 2024 8:27:19 PM gui.EmployeeManagement setLogger
INFO: EM Logger initialized
Sep 17, 2024 8:27:43 PM gui.EmployeeManagement jButton1ActionPerformed
INFO: An employee registered
Sep 17, 2024 8:27:59 PM gui.EmployeeManagement jButton2ActionPerformed
INFO: Details of the employee danusi changed
Sep 17, 2024 8:28:08 PM gui.MainFrame setLogger
INFO: EM Logger initialized
Sep 17, 2024 8:28:15 PM gui.InventoryManagement setLogger
INFO: IM Logger initialized
Sep 17, 2024 8:28:18 PM gui.InventoryManagement setLogger
INFO: IM Logger initialized
Sep 17, 2024 8:28:28 PM gui.CustomerManagement setLogger
INFO: CM Logger initialized
Sep 17, 2024 8:28:38 PM gui.InventoryManagement setLogger
INFO: IM Logger initialized
Sep 17, 2024 8:28:47 PM gui.CustomerManagement setLogger
INFO: CM Logger initialized
Sep 17, 2024 10:52:48 PM gui.InventoryManagement setLogger
INFO: IM Logger initialized
Sep 17, 2024 10:52:56 PM gui.InventoryManagement setLogger
INFO: IM Logger initialized
Sep 17, 2024 10:52:58 PM gui.InventoryManagement setLogger
INFO: IM Logger initialized
Sep 17, 2024 10:53:00 PM gui.InventoryManagement setLogger
INFO: IM Logger initialized
Sep 17, 2024 10:53:03 PM gui.InventoryManagement setLogger
INFO: IM Logger initialized
Sep 17, 2024 10:53:05 PM gui.InventoryManagement setLogger
INFO: IM Logger initialized
Sep 17, 2024 10:53:09 PM gui.InventoryManagement setLogger
INFO: IM Logger initialized
Sep 17, 2024 10:53:19 PM gui.InventoryManagement setLogger
INFO: IM Logger initialized
Sep 17, 2024 10:53:25 PM gui.InventoryManagement setLogger
INFO: IM Logger initialized
Sep 17, 2024 10:53:33 PM gui.InventoryManagement setLogger
INFO: IM Logger initialized
Sep 17, 2024 10:53:36 PM gui.InventoryManagement setLogger
INFO: IM Logger initialized
Sep 17, 2024 10:54:06 PM gui.InventoryManagement setLogger
INFO: IM Logger initialized
Sep 17, 2024 10:54:08 PM gui.InventoryManagement setLogger
INFO: IM Logger initialized
Sep 17, 2024 10:54:11 PM gui.InventoryManagement setLogger
INFO: IM Logger initialized
Sep 17, 2024 10:54:12 PM gui.InventoryManagement setLogger
INFO: IM Logger initialized
Sep 17, 2024 10:54:34 PM gui.InventoryManagement setLogger
INFO: IM Logger initialized
Sep 17, 2024 10:56:16 PM gui.InventoryManagement setLogger
INFO: IM Logger initialized
Sep 17, 2024 10:56:30 PM gui.InventoryManagement setLogger
INFO: IM Logger initialized
Sep 17, 2024 10:56:32 PM gui.InventoryManagement setLogger
INFO: IM Logger initialized
Sep 17, 2024 10:56:37 PM gui.InventoryManagement setLogger
INFO: IM Logger initialized
Sep 17, 2024 10:56:44 PM gui.InventoryManagement setLogger
INFO: IM Logger initialized
Sep 17, 2024 10:56:51 PM gui.InventoryManagement setLogger
INFO: IM Logger initialized
Sep 17, 2024 10:56:59 PM gui.InventoryManagement setLogger
INFO: IM Logger initialized
Sep 17, 2024 10:57:05 PM gui.MainFrame jButton8ActionPerformed
SEVERE: Jasper Report Loading error :(((
Sep 17, 2024 10:58:12 PM gui.InventoryManagement setLogger
INFO: IM Logger initialized
Sep 17, 2024 10:58:18 PM gui.MainFrame jButton8ActionPerformed
SEVERE: Jasper Report Loading error :(((
Sep 17, 2024 11:05:43 PM gui.MainFrame jButton8ActionPerformed
SEVERE: Jasper Report Loading error :(((
Sep 17, 2024 11:17:14 PM gui.InventoryManagement setLogger
INFO: IM Logger initialized
Sep 17, 2024 11:17:19 PM gui.MainFrame jButton8ActionPerformed
SEVERE: Jasper Report Loading error :(((
Sep 17, 2024 11:18:48 PM gui.InventoryManagement setLogger
INFO: IM Logger initialized
Sep 17, 2024 11:18:56 PM gui.MainFrame jButton8ActionPerformed
SEVERE: Jasper Report Loading error :(((
Sep 17, 2024 11:29:42 PM gui.InventoryManagement setLogger
INFO: IM Logger initialized
Sep 17, 2024 11:29:47 PM gui.MainFrame jButton8ActionPerformed
SEVERE: Jasper Report Loading error :(((
Sep 17, 2024 11:35:32 PM gui.InventoryManagement setLogger
INFO: IM Logger initialized
Sep 17, 2024 11:35:35 PM gui.InventoryManagement setLogger
INFO: IM Logger initialized
Sep 17, 2024 11:35:37 PM gui.InventoryManagement setLogger
INFO: IM Logger initialized
Sep 17, 2024 11:35:42 PM gui.MainFrame jButton8ActionPerformed
SEVERE: Jasper Report Loading error :(((
Sep 17, 2024 11:41:14 PM gui.InventoryManagement setLogger
INFO: IM Logger initialized
Sep 17, 2024 11:41:17 PM gui.InventoryManagement setLogger
INFO: IM Logger initialized
Sep 17, 2024 11:46:15 PM gui.InventoryManagement setLogger
INFO: IM Logger initialized
Sep 17, 2024 11:46:21 PM gui.InventoryManagement setLogger
INFO: IM Logger initialized
Sep 17, 2024 11:46:27 PM gui.InventoryManagement setLogger
INFO: IM Logger initialized
Sep 17, 2024 11:54:29 PM gui.InventoryManagement setLogger
INFO: IM Logger initialized
Sep 17, 2024 11:54:36 PM gui.InventoryManagement setLogger
INFO: IM Logger initialized
Sep 18, 2024 12:10:56 AM gui.InventoryManagement setLogger
INFO: IM Logger initialized
Sep 18, 2024 12:14:15 AM gui.InventoryManagement setLogger
INFO: IM Logger initialized
Sep 18, 2024 12:14:17 AM gui.InventoryManagement setLogger
INFO: IM Logger initialized
Sep 18, 2024 12:15:08 AM gui.InventoryManagement setLogger
INFO: IM Logger initialized
Sep 18, 2024 12:44:37 AM gui.InventoryManagement setLogger
INFO: IM Logger initialized
Sep 18, 2024 12:45:27 AM gui.InventoryManagement setLogger
INFO: IM Logger initialized
Sep 18, 2024 12:46:28 AM gui.InventoryManagement setLogger
INFO: IM Logger initialized
Sep 18, 2024 12:49:10 AM gui.InventoryManagement setLogger
INFO: IM Logger initialized
Sep 18, 2024 12:50:59 AM gui.InventoryManagement setLogger
INFO: IM Logger initialized
Sep 18, 2024 12:51:16 AM gui.InventoryManagement setLogger
INFO: IM Logger initialized
Sep 18, 2024 12:51:19 AM gui.InventoryManagement setLogger
INFO: IM Logger initialized
Sep 18, 2024 12:51:28 AM gui.InventoryManagement setLogger
INFO: IM Logger initialized
Sep 18, 2024 12:53:43 AM gui.InventoryManagement setLogger
INFO: IM Logger initialized
Sep 18, 2024 12:53:52 AM gui.InventoryManagement setLogger
INFO: IM Logger initialized
Sep 18, 2024 12:54:04 AM gui.InventoryManagement setLogger
INFO: IM Logger initialized
Sep 18, 2024 12:56:11 AM gui.InventoryManagement setLogger
INFO: IM Logger initialized
Sep 18, 2024 12:56:22 AM gui.MainFrame jButton8ActionPerformed
INFO: Invoice Printed
Sep 18, 2024 12:56:31 AM gui.MainFrame jButton8ActionPerformed
INFO: Invoice Printed
Sep 18, 2024 12:57:05 AM gui.MainFrame jButton8ActionPerformed
INFO: Invoice Printed
Sep 18, 2024 1:02:15 AM gui.InventoryManagement setLogger
INFO: IM Logger initialized
Sep 18, 2024 1:02:19 AM gui.InventoryManagement setLogger
INFO: IM Logger initialized
Sep 18, 2024 1:02:25 AM gui.MainFrame jButton8ActionPerformed
INFO: Invoice Printed
Sep 18, 2024 1:03:26 AM gui.InventoryManagement setLogger
INFO: IM Logger initialized
Sep 18, 2024 1:03:39 AM gui.InventoryManagement setLogger
INFO: IM Logger initialized
Sep 18, 2024 1:05:01 AM gui.InventoryManagement setLogger
INFO: IM Logger initialized
Sep 18, 2024 1:05:07 AM gui.MainFrame jButton8ActionPerformed
INFO: Invoice Printed
Sep 18, 2024 1:13:31 AM gui.InventoryManagement setLogger
INFO: IM Logger initialized
Sep 18, 2024 1:14:47 AM gui.InventoryManagement setLogger
INFO: IM Logger initialized
Sep 18, 2024 1:15:17 AM gui.InventoryManagement setLogger
INFO: IM Logger initialized
Sep 18, 2024 1:15:40 AM gui.MainFrame jButton8ActionPerformed
INFO: Invoice Printed
Sep 18, 2024 1:20:51 AM gui.InventoryManagement setLogger
INFO: IM Logger initialized
Sep 18, 2024 1:20:55 AM gui.InventoryManagement setLogger
INFO: IM Logger initialized
Sep 18, 2024 1:20:58 AM gui.InventoryManagement setLogger
INFO: IM Logger initialized
Sep 18, 2024 1:21:01 AM gui.InventoryManagement setLogger
INFO: IM Logger initialized
Sep 18, 2024 1:21:02 AM gui.InventoryManagement setLogger
INFO: IM Logger initialized
Sep 18, 2024 1:21:17 AM gui.MainFrame jButton8ActionPerformed
INFO: Invoice Printed
Sep 18, 2024 1:21:53 AM gui.InventoryManagement setLogger
INFO: IM Logger initialized
Sep 18, 2024 1:22:06 AM gui.MainFrame jButton8ActionPerformed
INFO: Invoice Printed
Sep 18, 2024 1:23:19 AM gui.InventoryManagement setLogger
INFO: IM Logger initialized
Sep 18, 2024 1:23:22 AM gui.InventoryManagement setLogger
INFO: IM Logger initialized
Sep 18, 2024 1:23:38 AM gui.MainFrame jButton8ActionPerformed
SEVERE: Jasper Report Loading error :(((
Sep 18, 2024 1:23:44 AM gui.InventoryManagement setLogger
INFO: IM Logger initialized
Sep 18, 2024 1:23:50 AM gui.MainFrame jButton8ActionPerformed
SEVERE: Jasper Report Loading error :(((
Sep 18, 2024 1:24:30 AM gui.InventoryManagement setLogger
INFO: IM Logger initialized
Sep 18, 2024 1:24:50 AM gui.MainFrame jButton8ActionPerformed
INFO: Invoice Printed
Sep 18, 2024 1:25:57 AM gui.InventoryManagement setLogger
INFO: IM Logger initialized
Sep 18, 2024 1:26:58 AM gui.InventoryManagement setLogger
INFO: IM Logger initialized
Sep 18, 2024 1:33:14 AM gui.InventoryManagement setLogger
INFO: IM Logger initialized
Sep 18, 2024 1:33:23 AM gui.MainFrame jButton8ActionPerformed
INFO: Invoice Printed
Sep 18, 2024 1:34:32 AM gui.InventoryManagement setLogger
INFO: IM Logger initialized
Sep 18, 2024 1:34:36 AM gui.InventoryManagement setLogger
INFO: IM Logger initialized
Sep 18, 2024 1:34:48 AM gui.CustomerManagement setLogger
INFO: CM Logger initialized
Sep 18, 2024 1:34:52 AM gui.MainFrame jButton8ActionPerformed
INFO: Invoice Printed
Sep 18, 2024 1:34:57 AM gui.MainFrame jButton8ActionPerformed
INFO: Invoice Printed
Sep 18, 2024 1:37:02 AM gui.InventoryManagement setLogger
INFO: IM Logger initialized
Sep 18, 2024 1:37:12 AM gui.MainFrame jButton8ActionPerformed
INFO: Invoice Printed
Sep 18, 2024 1:50:48 AM gui.MainFrame jButton8ActionPerformed
INFO: Invoice Printed
