Sep 16, 2024 10:26:43 PM gui.MainFrame setLogger
INFO: EM Logger initialized
Sep 16, 2024 10:27:18 PM gui.MainFrame setLogger
INFO: EM Logger initialized
Sep 16, 2024 10:30:39 PM gui.MainFrame setLogger
INFO: EM Logger initialized
Sep 16, 2024 10:30:42 PM gui.InventoryManagement setLogger
INFO: IM Logger initialized
Sep 16, 2024 10:34:47 PM gui.MainFrame setLogger
INFO: EM Logger initialized
Sep 16, 2024 10:34:51 PM gui.InventoryManagement setLogger
INFO: IM Logger initialized
Sep 16, 2024 10:37:14 PM gui.MainFrame setLogger
INFO: EM Logger initialized
Sep 16, 2024 10:37:17 PM gui.InventoryManagement setLogger
INFO: IM Logger initialized
Sep 16, 2024 10:39:05 PM gui.MainFrame setLogger
INFO: EM Logger initialized
Sep 16, 2024 10:39:05 PM gui.InventoryManagement setLogger
INFO: IM Logger initialized
Sep 16, 2024 10:52:15 PM gui.MainFrame setLogger
INFO: EM Logger initialized
Sep 16, 2024 10:52:16 PM gui.InventoryManagement setLogger
INFO: IM Logger initialized
Sep 16, 2024 10:53:48 PM gui.MainFrame setLogger
INFO: EM Logger initialized
Sep 16, 2024 10:56:04 PM gui.MainFrame setLogger
INFO: EM Logger initialized
Sep 16, 2024 10:56:12 PM gui.InventoryManagement setLogger
INFO: IM Logger initialized
Sep 16, 2024 10:56:33 PM gui.InventoryManagement setLogger
INFO: IM Logger initialized
Sep 16, 2024 10:56:57 PM gui.InventoryManagement setLogger
INFO: IM Logger initialized
Sep 16, 2024 10:57:00 PM gui.InventoryManagement setLogger
INFO: IM Logger initialized
Sep 16, 2024 10:57:21 PM gui.InventoryManagement setLogger
INFO: IM Logger initialized
Sep 16, 2024 10:57:26 PM gui.InventoryManagement setLogger
INFO: IM Logger initialized
Sep 16, 2024 10:59:35 PM gui.MainFrame setLogger
INFO: EM Logger initialized
Sep 16, 2024 10:59:37 PM gui.InventoryManagement setLogger
INFO: IM Logger initialized
Sep 16, 2024 10:59:51 PM gui.InventoryManagement setLogger
INFO: IM Logger initialized
Sep 16, 2024 10:59:57 PM gui.InventoryManagement setLogger
INFO: IM Logger initialized
Sep 16, 2024 11:07:48 PM gui.MainFrame setLogger
INFO: EM Logger initialized
Sep 16, 2024 11:07:53 PM gui.InventoryManagement setLogger
INFO: IM Logger initialized
Sep 16, 2024 11:09:50 PM gui.MainFrame setLogger
INFO: EM Logger initialized
Sep 16, 2024 11:09:52 PM gui.InventoryManagement setLogger
INFO: IM Logger initialized
Sep 16, 2024 11:10:40 PM gui.MainFrame setLogger
INFO: EM Logger initialized
Sep 16, 2024 11:10:42 PM gui.InventoryManagement setLogger
INFO: IM Logger initialized
Sep 16, 2024 11:11:50 PM gui.MainFrame setLogger
INFO: EM Logger initialized
Sep 16, 2024 11:11:52 PM gui.InventoryManagement setLogger
INFO: IM Logger initialized
Sep 16, 2024 11:15:09 PM gui.MainFrame setLogger
INFO: EM Logger initialized
Sep 16, 2024 11:27:16 PM gui.MainFrame setLogger
INFO: EM Logger initialized
Sep 16, 2024 11:27:40 PM gui.MainFrame setLogger
INFO: EM Logger initialized
Sep 16, 2024 11:55:04 PM gui.MainFrame setLogger
INFO: EM Logger initialized
Sep 16, 2024 11:59:06 PM gui.MainFrame setLogger
INFO: EM Logger initialized
Sep 17, 2024 12:01:02 AM gui.MainFrame setLogger
INFO: EM Logger initialized
Sep 17, 2024 12:03:34 AM gui.InventoryManagement setLogger
INFO: IM Logger initialized
Sep 17, 2024 12:03:40 AM gui.InventoryManagement setLogger
INFO: IM Logger initialized
Sep 17, 2024 12:08:44 AM gui.MainFrame setLogger
INFO: EM Logger initialized
Sep 17, 2024 12:14:49 AM gui.MainFrame setLogger
INFO: EM Logger initialized
Sep 17, 2024 12:23:08 AM gui.MainFrame setLogger
INFO: EM Logger initialized
Sep 17, 2024 12:23:10 AM gui.InventoryManagement setLogger
INFO: IM Logger initialized
Sep 17, 2024 12:32:08 AM gui.MainFrame setLogger
INFO: EM Logger initialized
Sep 17, 2024 12:32:10 AM gui.CustomerManagement setLogger
INFO: CM Logger initialized
Sep 17, 2024 12:33:06 AM gui.MainFrame setLogger
INFO: EM Logger initialized
Sep 17, 2024 12:33:08 AM gui.CustomerManagement setLogger
INFO: CM Logger initialized
Sep 17, 2024 12:33:14 AM gui.CustomerManagement setLogger
INFO: CM Logger initialized
Sep 17, 2024 12:39:29 AM gui.MainFrame setLogger
INFO: EM Logger initialized
Sep 17, 2024 12:39:34 AM gui.CustomerManagement setLogger
INFO: CM Logger initialized
Sep 17, 2024 12:39:37 AM gui.CustomerManagement setLogger
INFO: CM Logger initialized
Sep 17, 2024 12:41:54 AM gui.MainFrame setLogger
INFO: EM Logger initialized
Sep 17, 2024 12:41:58 AM gui.CustomerManagement setLogger
INFO: CM Logger initialized
Sep 17, 2024 12:42:37 AM gui.MainFrame setLogger
INFO: EM Logger initialized
Sep 17, 2024 12:43:46 AM gui.MainFrame setLogger
INFO: EM Logger initialized
Sep 17, 2024 12:44:57 AM gui.MainFrame setLogger
INFO: EM Logger initialized
Sep 17, 2024 12:45:52 AM gui.MainFrame setLogger
INFO: EM Logger initialized
Sep 17, 2024 12:46:19 AM gui.MainFrame setLogger
INFO: EM Logger initialized
Sep 17, 2024 12:47:28 AM gui.MainFrame setLogger
INFO: EM Logger initialized
Sep 17, 2024 12:47:55 AM gui.CustomerManagement setLogger
INFO: CM Logger initialized
Sep 17, 2024 12:52:53 AM gui.MainFrame setLogger
INFO: EM Logger initialized
Sep 17, 2024 12:53:50 AM gui.MainFrame setLogger
INFO: EM Logger initialized
Sep 17, 2024 12:55:37 AM gui.MainFrame setLogger
INFO: EM Logger initialized
Sep 17, 2024 12:57:38 AM gui.MainFrame setLogger
INFO: EM Logger initialized
Sep 17, 2024 12:58:46 AM gui.MainFrame setLogger
INFO: EM Logger initialized
Sep 17, 2024 12:59:31 AM gui.MainFrame setLogger
INFO: EM Logger initialized
Sep 17, 2024 12:59:56 AM gui.MainFrame setLogger
INFO: EM Logger initialized
Sep 17, 2024 1:00:49 AM gui.MainFrame setLogger
INFO: EM Logger initialized
Sep 17, 2024 1:01:14 AM gui.MainFrame setLogger
INFO: EM Logger initialized
Sep 17, 2024 1:02:46 AM gui.MainFrame setLogger
INFO: EM Logger initialized
